iMPACT Version: Jan  6 2012 20:13:43

iMPACT log file Started on Sat Oct  8 11:22:22 2016

Preference Table
Name                 Setting             
StartupClock         Auto_Correction     
AutoSignature        False               
KeepSVF              False               
ConcurrentMode       False               
UseHighz             False               
ConfigOnFailure      Stop                
UserLevel            Novice              
MessageLevel         Detailed            
svfUseTime           false               
SpiByteSwap          Auto_Correction     
AutoInfer            false               
SvfPlayDisplayComments false               
AutoDetecting cable. Please wait.
 Cable is LOCKED. Retrying...
 The cable is being used by another application.
 Please try opening the cable connection at a later time.
Connecting to cable (Parallel Port - parport0).
 Linux release = 4.2.0-27-generic.
WARNING:iMPACT -  Module windrvr6 is not loaded. Please reinstall the cable   drivers. See Answer Record 22648.
Cable connection failed.
Connecting to cable (Parallel Port - parport1).
 Linux release = 4.2.0-27-generic.
WARNING:iMPACT -  Module windrvr6 is not loaded. Please reinstall the cable   drivers. See Answer Record 22648.
Cable connection failed.
Connecting to cable (Parallel Port - parport2).
 Linux release = 4.2.0-27-generic.
WARNING:iMPACT -  Module windrvr6 is not loaded. Please reinstall the cable   drivers. See Answer Record 22648.
Cable connection failed.
Connecting to cable (Parallel Port - parport3).
 Linux release = 4.2.0-27-generic.
WARNING:iMPACT -  Module windrvr6 is not loaded. Please reinstall the cable   drivers. See Answer Record 22648.
Cable connection failed.
Cable autodetection failed.
